2016-10-12 09:01:24 pid:4313 Workerman[gd_server.php] restart 
2016-10-12 09:01:24 pid:4313 Workerman[gd_server.php] is stoping ...
2016-10-12 09:01:24 pid:4313 Workerman[gd_server.php] stop success
2016-10-12 09:01:24 pid:4316 Workerman[server.php] restart 
2016-10-12 09:01:24 pid:4316 Workerman[server.php] is stoping ...
2016-10-12 09:01:24 pid:4316 Workerman[server.php] stop success
2016-10-12 09:39:19 pid:4422 Workerman[server.php] stop 
2016-10-12 09:39:19 pid:4422 Workerman[server.php] is stoping ...
2016-10-12 09:39:19 pid:4323 Workerman[server.php] Stopping ...
2016-10-12 09:39:19 pid:4323 Workerman[server.php] has been stopped
2016-10-12 09:39:19 pid:4422 Workerman[server.php] stop success
2016-10-12 09:39:19 pid:4425 Workerman[gd_server.php] stop 
2016-10-12 09:39:19 pid:4425 Workerman[gd_server.php] is stoping ...
2016-10-12 09:39:19 pid:4315 Workerman[gd_server.php] Stopping ...
2016-10-12 09:39:19 pid:4315 Workerman[gd_server.php] has been stopped
2016-10-12 09:39:19 pid:4425 Workerman[gd_server.php] stop success
2016-10-12 09:39:39 pid:4537 Workerman[gd_server.php] restart 
2016-10-12 09:39:39 pid:4537 Workerman[gd_server.php] is stoping ...
2016-10-12 09:39:39 pid:4537 Workerman[gd_server.php] stop success
2016-10-12 09:39:39 pid:4540 Workerman[server.php] restart 
2016-10-12 09:39:39 pid:4540 Workerman[server.php] is stoping ...
2016-10-12 09:39:39 pid:4540 Workerman[server.php] stop success
2016-10-12 09:41:35 pid:4558 Workerman[server.php] stop 
2016-10-12 09:41:35 pid:4558 Workerman[server.php] is stoping ...
2016-10-12 09:41:35 pid:4547 Workerman[server.php] Stopping ...
2016-10-12 09:41:35 pid:4547 Workerman[server.php] has been stopped
2016-10-12 09:41:36 pid:4558 Workerman[server.php] stop success
2016-10-12 09:41:36 pid:4561 Workerman[gd_server.php] stop 
2016-10-12 09:41:36 pid:4561 Workerman[gd_server.php] is stoping ...
2016-10-12 09:41:36 pid:4539 Workerman[gd_server.php] Stopping ...
2016-10-12 09:41:36 pid:4539 Workerman[gd_server.php] has been stopped
2016-10-12 09:41:36 pid:4561 Workerman[gd_server.php] stop success
2016-10-12 09:42:02 pid:4562 Workerman[gd_server.php] start in DAEMON mode
2016-10-12 09:42:08 pid:4568 Workerman[server.php] start in DEBUG mode
2016-10-12 09:42:44 pid:4568 Workerman[server.php] Stopping ...
2016-10-12 09:42:44 pid:4568 Workerman[server.php] has been stopped
2016-10-12 09:42:56 pid:4598 Workerman[server.php] start in DEBUG mode
2016-10-12 09:44:47 pid:4598 Workerman[server.php] Stopping ...
2016-10-12 09:44:47 pid:4598 Workerman[server.php] has been stopped
2016-10-12 09:44:48 pid:4617 Workerman[server.php] start in DEBUG mode
2016-10-12 09:44:52 pid:4617 Workerman[server.php] Stopping ...
2016-10-12 09:44:52 pid:4617 Workerman[server.php] has been stopped
2016-10-12 09:46:27 pid:4634 Workerman[server.php] start in DEBUG mode
2016-10-12 09:46:31 pid:4634 Workerman[server.php] Stopping ...
2016-10-12 09:46:31 pid:4634 Workerman[server.php] has been stopped
2016-10-12 09:53:41 pid:4650 Workerman[server.php] start in DEBUG mode
2016-10-12 10:03:19 pid:4650 Workerman[server.php] Stopping ...
2016-10-12 10:03:19 pid:4650 Workerman[server.php] has been stopped
2016-10-12 10:03:23 pid:4718 Workerman[server.php] start in DEBUG mode
2016-10-12 10:04:09 pid:4718 Workerman[server.php] Stopping ...
2016-10-12 10:04:09 pid:4718 Workerman[server.php] has been stopped
2016-10-12 10:04:12 pid:4748 Workerman[server.php] start in DEBUG mode
2016-10-12 10:16:04 pid:4748 Workerman[server.php] Stopping ...
2016-10-12 10:16:04 pid:4748 Workerman[server.php] has been stopped
2016-10-12 10:16:06 pid:4836 Workerman[server.php] start in DEBUG mode
2016-10-12 11:28:04 pid:4836 Workerman[server.php] Stopping ...
2016-10-12 11:28:04 pid:4836 Workerman[server.php] has been stopped
2016-10-12 11:28:05 pid:5540 Workerman[server.php] start in DEBUG mode
2016-10-12 11:29:34 pid:5540 Workerman[server.php] Stopping ...
2016-10-12 11:29:34 pid:5540 Workerman[server.php] has been stopped
2016-10-12 11:29:36 pid:5581 Workerman[server.php] start in DEBUG mode
2016-10-12 11:30:22 pid:5581 Workerman[server.php] Stopping ...
2016-10-12 11:30:22 pid:5581 Workerman[server.php] has been stopped
2016-10-12 11:30:23 pid:5596 Workerman[server.php] start in DEBUG mode
2016-10-12 13:38:26 pid:5596 Workerman[server.php] Stopping ...
2016-10-12 13:38:26 pid:5596 Workerman[server.php] has been stopped
2016-10-12 13:38:28 pid:6471 Workerman[server.php] start in DEBUG mode
2016-10-12 13:38:32 pid:6471 Workerman[server.php] Stopping ...
2016-10-12 13:38:32 pid:6471 Workerman[server.php] has been stopped
2016-10-12 13:38:40 pid:6476 Workerman[gd_server.php] restart 
2016-10-12 13:38:40 pid:6476 Workerman[gd_server.php] is stoping ...
2016-10-12 13:38:40 pid:4564 Workerman[gd_server.php] Stopping ...
2016-10-12 13:38:40 pid:4564 Workerman[gd_server.php] has been stopped
2016-10-12 13:38:40 pid:6476 Workerman[gd_server.php] stop success
2016-10-12 13:38:40 pid:6478 Workerman[server.php] restart 
2016-10-12 13:38:40 pid:6478 Workerman[server.php] is stoping ...
2016-10-12 13:38:40 pid:6478 Workerman[server.php] stop success
2016-10-12 13:42:34 pid:6514 Workerman[server.php] stop 
2016-10-12 13:42:34 pid:6514 Workerman[server.php] is stoping ...
2016-10-12 13:42:34 pid:6486 Workerman[server.php] Stopping ...
2016-10-12 13:42:34 pid:6486 Workerman[server.php] has been stopped
2016-10-12 13:42:34 pid:6514 Workerman[server.php] stop success
2016-10-12 13:42:34 pid:6517 Workerman[gd_server.php] stop 
2016-10-12 13:42:34 pid:6517 Workerman[gd_server.php] is stoping ...
2016-10-12 13:42:34 pid:6479 Workerman[gd_server.php] Stopping ...
2016-10-12 13:42:34 pid:6479 Workerman[gd_server.php] has been stopped
2016-10-12 13:42:34 pid:6517 Workerman[gd_server.php] stop success
2016-10-12 13:42:37 pid:6518 Workerman[gd_server.php] start in DAEMON mode
2016-10-12 13:42:40 pid:6524 Workerman[server.php] start in DEBUG mode
2016-10-12 13:48:51 pid:6524 Workerman[server.php] Stopping ...
2016-10-12 13:48:51 pid:6524 Workerman[server.php] has been stopped
2016-10-12 13:48:57 pid:6584 Workerman[server.php] start in DEBUG mode
2016-10-12 14:02:48 pid:6584 Workerman[server.php] Stopping ...
2016-10-12 14:02:48 pid:6584 Workerman[server.php] has been stopped
2016-10-12 14:02:50 pid:6718 Workerman[server.php] start in DEBUG mode
2016-10-12 14:04:59 pid:6718 Workerman[server.php] Stopping ...
2016-10-12 14:04:59 pid:6718 Workerman[server.php] has been stopped
2016-10-12 14:05:03 pid:6731 Workerman[server.php] stop 
2016-10-12 14:05:03 pid:6731 Workerman[server.php] not run
2016-10-12 14:05:03 pid:6734 Workerman[gd_server.php] stop 
2016-10-12 14:05:03 pid:6734 Workerman[gd_server.php] is stoping ...
2016-10-12 14:05:03 pid:6520 Workerman[gd_server.php] Stopping ...
2016-10-12 14:05:03 pid:6520 Workerman[gd_server.php] has been stopped
2016-10-12 14:05:03 pid:6734 Workerman[gd_server.php] stop success
2016-10-12 14:05:09 pid:6736 Workerman[gd_server.php] restart 
2016-10-12 14:05:09 pid:6736 Workerman[gd_server.php] is stoping ...
2016-10-12 14:05:09 pid:6736 Workerman[gd_server.php] stop success
2016-10-12 14:05:09 pid:6739 Workerman[server.php] restart 
2016-10-12 14:05:09 pid:6739 Workerman[server.php] is stoping ...
2016-10-12 14:05:09 pid:6739 Workerman[server.php] stop success
2016-10-12 14:08:20 pid:6786 Workerman[server.php] stop 
2016-10-12 14:08:20 pid:6786 Workerman[server.php] is stoping ...
2016-10-12 14:08:20 pid:6746 Workerman[server.php] Stopping ...
2016-10-12 14:08:20 pid:6746 Workerman[server.php] has been stopped
2016-10-12 14:08:20 pid:6786 Workerman[server.php] stop success
2016-10-12 14:08:20 pid:6789 Workerman[gd_server.php] stop 
2016-10-12 14:08:20 pid:6789 Workerman[gd_server.php] is stoping ...
2016-10-12 14:08:20 pid:6738 Workerman[gd_server.php] Stopping ...
2016-10-12 14:08:20 pid:6738 Workerman[gd_server.php] has been stopped
2016-10-12 14:08:20 pid:6789 Workerman[gd_server.php] stop success
2016-10-12 14:08:24 pid:6790 Workerman[gd_server.php] start in DAEMON mode
2016-10-12 14:08:45 pid:6807 Workerman[server.php] start in DEBUG mode
2016-10-12 14:12:33 pid:6807 Workerman[server.php] Stopping ...
2016-10-12 14:12:33 pid:6807 Workerman[server.php] has been stopped
2016-10-12 14:12:38 pid:6867 Workerman[gd_server.php] stop 
2016-10-12 14:12:38 pid:6867 Workerman[gd_server.php] is stoping ...
2016-10-12 14:12:38 pid:6792 Workerman[gd_server.php] Stopping ...
2016-10-12 14:12:38 pid:6792 Workerman[gd_server.php] has been stopped
2016-10-12 14:12:38 pid:6867 Workerman[gd_server.php] stop success
2016-10-12 14:12:43 pid:6868 Workerman[gd_server.php] start in DAEMON mode
2016-10-12 14:12:46 pid:6874 Workerman[server.php] start in DEBUG mode
2016-10-12 14:20:39 pid:6874 Workerman[server.php] Stopping ...
2016-10-12 14:20:39 pid:6874 Workerman[server.php] has been stopped
2016-10-12 14:20:44 pid:6943 Workerman[server.php] start in DEBUG mode
2016-10-12 16:34:04 pid:6943 Workerman[server.php] Stopping ...
2016-10-12 16:34:04 pid:6943 Workerman[server.php] has been stopped
2016-10-12 16:34:05 pid:7538 Workerman[server.php] start in DEBUG mode
2016-10-12 16:36:25 pid:7538 Workerman[server.php] Stopping ...
2016-10-12 16:36:25 pid:7538 Workerman[server.php] has been stopped
2016-10-12 16:36:27 pid:7555 Workerman[server.php] start in DEBUG mode
2016-10-12 16:52:57 pid:7555 Workerman[server.php] Stopping ...
2016-10-12 16:52:57 pid:7555 Workerman[server.php] has been stopped
2016-10-12 16:52:57 pid:7629 Workerman[server.php] start in DEBUG mode
2016-10-12 16:55:17 pid:7629 Workerman[server.php] Stopping ...
2016-10-12 16:55:17 pid:7629 Workerman[server.php] has been stopped
2016-10-12 16:55:20 pid:7648 Workerman[server.php] start in DEBUG mode
2016-10-12 17:02:15 pid:7648 Workerman[server.php] Stopping ...
2016-10-12 17:02:15 pid:7648 Workerman[server.php] has been stopped
2016-10-12 17:02:16 pid:7697 Workerman[server.php] start in DEBUG mode
2016-10-12 17:02:43 pid:7697 Workerman[server.php] Stopping ...
2016-10-12 17:02:43 pid:7697 Workerman[server.php] has been stopped
2016-10-12 17:02:46 pid:7707 Workerman[server.php] start in DAEMON mode
2016-10-12 17:07:44 pid:7820 Workerman[server.php] stop 
2016-10-12 17:07:44 pid:7820 Workerman[server.php] is stoping ...
2016-10-12 17:07:44 pid:7711 Workerman[server.php] Stopping ...
2016-10-12 17:07:44 pid:7711 Workerman[server.php] has been stopped
2016-10-12 17:07:44 pid:7820 Workerman[server.php] stop success
2016-10-12 17:07:45 pid:7823 Workerman[server.php] start in DAEMON mode
2016-10-12 17:07:46 pid:7828 WORKER EXIT UNEXPECTED E_ERROR Cannot unset string offsets in /home/wwwroot/music.xljbear.com/Server/server.php on line 101
2016-10-12 17:07:46 pid:7827 worker[webWorker:7828] exit with status 65280
2016-10-12 17:07:50 pid:7829 WORKER EXIT UNEXPECTED E_ERROR Cannot unset string offsets in /home/wwwroot/music.xljbear.com/Server/server.php on line 101
2016-10-12 17:07:50 pid:7827 worker[webWorker:7829] exit with status 65280
2016-10-12 17:07:51 pid:7830 WORKER EXIT UNEXPECTED E_ERROR Cannot unset string offsets in /home/wwwroot/music.xljbear.com/Server/server.php on line 101
2016-10-12 17:07:51 pid:7827 worker[webWorker:7830] exit with status 65280
2016-10-12 17:07:51 pid:7831 WORKER EXIT UNEXPECTED E_ERROR Cannot unset string offsets in /home/wwwroot/music.xljbear.com/Server/server.php on line 101
2016-10-12 17:07:51 pid:7827 worker[webWorker:7831] exit with status 65280
2016-10-12 17:08:00 pid:7832 WORKER EXIT UNEXPECTED E_ERROR Cannot unset string offsets in /home/wwwroot/music.xljbear.com/Server/server.php on line 101
2016-10-12 17:08:00 pid:7827 worker[webWorker:7832] exit with status 65280
2016-10-12 17:08:35 pid:7834 Workerman[server.php] stop 
2016-10-12 17:08:35 pid:7834 Workerman[server.php] is stoping ...
2016-10-12 17:08:35 pid:7827 Workerman[server.php] Stopping ...
2016-10-12 17:08:35 pid:7827 Workerman[server.php] has been stopped
2016-10-12 17:08:35 pid:7834 Workerman[server.php] stop success
2016-10-12 17:09:59 pid:7848 Workerman[server.php] start in DAEMON mode
